[21-Oct-2024 22:52:53 America/Denver] checking22 and 52
[21-Oct-2024 22:58:42 America/Denver] checking22 and 52
[21-Oct-2024 22:58:42 America/Denver] checking22 and 58
[21-Oct-2024 22:58:46 America/Denver] checking22 and 52
[21-Oct-2024 22:58:46 America/Denver] checking22 and 58
[21-Oct-2024 23:00:12 America/Denver] checking22 and 52
[21-Oct-2024 23:00:12 America/Denver] checking22 and 58
[21-Oct-2024 23:00:42 America/Denver] checking22 and 52
[21-Oct-2024 23:00:42 America/Denver] checking22 and 58
[21-Oct-2024 23:01:21 America/Denver] checking22 and 52
[21-Oct-2024 23:01:21 America/Denver] checking22 and 58
[21-Oct-2024 23:02:07 America/Denver] checking22 and 52
[21-Oct-2024 23:02:07 America/Denver] checking22 and 58
[28-Oct-2024 11:02:48 America/Denver] checking11 and 2
[28-Oct-2024 11:09:32 America/Denver] checking11 and 2
[28-Oct-2024 11:09:41 America/Denver] checking11 and 2
[31-Oct-2024 18:39:28 America/Denver] checking11 and 2
[02-Nov-2024 16:58:09 America/Denver] checking11 and 2
[02-Nov-2024 17:02:47 America/Denver] checking11 and 2
[02-Nov-2024 17:03:43 America/Denver] checking11 and 2
[05-Nov-2024 19:21:29 America/Denver] checking11 and 2
[05-Nov-2024 19:21:29 America/Denver] checking19 and 21
[05-Nov-2024 20:06:06 America/Denver] checking11 and 2
[05-Nov-2024 20:06:06 America/Denver] checking19 and 21
[11-Dec-2024 19:29:39 America/Denver] PHP Warning:  Undefined variable $results in /Users/anthony/Documents/GitHub/parqueo-web-app/previous.php on line 188
[28-Dec-2024 13:02:53 America/Denver] checking14 and 2
[28-Dec-2024 13:03:15 America/Denver] checking14 and 2
[28-Dec-2024 13:03:15 America/Denver] checking2 and 3
[28-Dec-2024 14:04:59 America/Guatemala] checking14 and 2
[28-Dec-2024 14:04:59 America/Guatemala] checking2 and 3
[28-Dec-2024 14:05:11 America/Guatemala] checking14 and 2
[28-Dec-2024 14:05:11 America/Guatemala] checking2 and 3
[28-Dec-2024 14:05:18 America/Guatemala] checking14 and 2
[28-Dec-2024 14:05:18 America/Guatemala] checking2 and 3
[28-Dec-2024 14:07:00 America/Guatemala] checking14 and 2
[28-Dec-2024 14:07:00 America/Guatemala] checking2 and 3
[28-Dec-2024 14:10:55 America/Guatemala] checking2 and 10
[28-Dec-2024 14:11:16 America/Guatemala] checking2 and 10
[28-Dec-2024 14:11:16 America/Guatemala] checking1 and 11
[28-Dec-2024 14:11:29 America/Guatemala] checking2 and 10
[28-Dec-2024 14:11:29 America/Guatemala] checking1 and 11
[28-Dec-2024 14:11:29 America/Guatemala] checking14 and 11
[28-Dec-2024 14:13:46 America/Guatemala] checking2 and 10
[28-Dec-2024 14:13:46 America/Guatemala] checking1 and 11
[28-Dec-2024 14:13:46 America/Guatemala] checking14 and 11
[28-Dec-2024 14:13:46 America/Guatemala] checking14 and 13
[28-Dec-2024 14:16:49 America/Guatemala] checking2 and 10
[28-Dec-2024 14:16:49 America/Guatemala] checking1 and 11
[28-Dec-2024 14:16:49 America/Guatemala] checking14 and 11
[28-Dec-2024 14:16:49 America/Guatemala] checking14 and 13
[28-Dec-2024 14:16:49 America/Guatemala] checking1 and 16
[28-Dec-2024 14:17:17 America/Guatemala] checking2 and 10
[28-Dec-2024 14:17:17 America/Guatemala] checking1 and 11
[28-Dec-2024 14:17:17 America/Guatemala] checking14 and 11
[28-Dec-2024 14:17:17 America/Guatemala] checking14 and 13
[28-Dec-2024 14:17:17 America/Guatemala] checking1 and 16
[28-Dec-2024 14:17:17 America/Guatemala] checking14 and 17
[28-Dec-2024 14:19:05 America/Guatemala] checking2 and 10
[28-Dec-2024 14:19:05 America/Guatemala] checking1 and 11
[28-Dec-2024 14:19:05 America/Guatemala] checking14 and 11
[28-Dec-2024 14:19:05 America/Guatemala] checking14 and 13
[28-Dec-2024 14:19:05 America/Guatemala] checking1 and 16
[28-Dec-2024 14:19:05 America/Guatemala] checking14 and 17
[28-Dec-2024 14:19:17 America/Guatemala] checking2 and 10
[28-Dec-2024 14:19:17 America/Guatemala] checking1 and 11
[28-Dec-2024 14:19:17 America/Guatemala] checking14 and 11
[28-Dec-2024 14:19:17 America/Guatemala] checking14 and 13
[28-Dec-2024 14:19:17 America/Guatemala] checking1 and 16
[28-Dec-2024 14:19:17 America/Guatemala] checking14 and 17
[28-Dec-2024 14:20:12 America/Guatemala] checking2 and 10
[28-Dec-2024 14:20:12 America/Guatemala] checking1 and 11
[28-Dec-2024 14:20:12 America/Guatemala] checking14 and 11
[28-Dec-2024 14:20:12 America/Guatemala] checking14 and 13
[28-Dec-2024 14:20:12 America/Guatemala] checking1 and 16
[28-Dec-2024 14:20:12 America/Guatemala] checking14 and 17
[28-Dec-2024 14:20:12 America/Guatemala] checking2 and 20
[28-Dec-2024 14:21:29 America/Guatemala] checking2 and 10
[28-Dec-2024 14:21:29 America/Guatemala] checking1 and 11
[28-Dec-2024 14:21:29 America/Guatemala] checking14 and 11
[28-Dec-2024 14:21:29 America/Guatemala] checking14 and 13
[28-Dec-2024 14:21:29 America/Guatemala] checking1 and 16
[28-Dec-2024 14:21:29 America/Guatemala] checking14 and 17
[28-Dec-2024 14:21:29 America/Guatemala] checking2 and 20
[28-Dec-2024 14:21:44 America/Guatemala] checking2 and 10
[28-Dec-2024 14:21:44 America/Guatemala] checking1 and 11
[28-Dec-2024 14:21:44 America/Guatemala] checking14 and 11
[28-Dec-2024 14:21:44 America/Guatemala] checking14 and 13
[28-Dec-2024 14:21:44 America/Guatemala] checking1 and 16
[28-Dec-2024 14:21:44 America/Guatemala] checking14 and 17
[28-Dec-2024 14:21:44 America/Guatemala] checking2 and 20
[28-Dec-2024 14:21:44 America/Guatemala] checking2 and 21
[28-Dec-2024 14:22:48 America/Guatemala] checking2 and 10
[28-Dec-2024 14:22:48 America/Guatemala] checking1 and 11
[28-Dec-2024 14:22:48 America/Guatemala] checking14 and 11
[28-Dec-2024 14:22:48 America/Guatemala] checking14 and 13
[28-Dec-2024 14:22:48 America/Guatemala] checking1 and 16
[28-Dec-2024 14:22:48 America/Guatemala] checking14 and 17
[28-Dec-2024 14:22:48 America/Guatemala] checking2 and 20
[28-Dec-2024 14:22:48 America/Guatemala] checking2 and 21
[28-Dec-2024 14:22:48 America/Guatemala] checking14 and 22
[28-Dec-2024 14:23:35 America/Guatemala] checking2 and 10
[28-Dec-2024 14:23:35 America/Guatemala] checking1 and 11
[28-Dec-2024 14:23:35 America/Guatemala] checking14 and 11
[28-Dec-2024 14:23:35 America/Guatemala] checking14 and 13
[28-Dec-2024 14:23:35 America/Guatemala] checking1 and 16
[28-Dec-2024 14:23:35 America/Guatemala] checking14 and 17
[28-Dec-2024 14:23:35 America/Guatemala] checking2 and 20
[28-Dec-2024 14:23:35 America/Guatemala] checking2 and 21
[28-Dec-2024 14:23:35 America/Guatemala] checking14 and 22
[28-Dec-2024 14:23:43 America/Guatemala] checking2 and 10
[28-Dec-2024 14:23:43 America/Guatemala] checking1 and 11
[28-Dec-2024 14:23:43 America/Guatemala] checking14 and 11
[28-Dec-2024 14:23:43 America/Guatemala] checking14 and 13
[28-Dec-2024 14:23:43 America/Guatemala] checking1 and 16
[28-Dec-2024 14:23:43 America/Guatemala] checking14 and 17
[28-Dec-2024 14:23:43 America/Guatemala] checking2 and 20
[28-Dec-2024 14:23:43 America/Guatemala] checking2 and 21
[28-Dec-2024 14:23:43 America/Guatemala] checking14 and 22
[28-Dec-2024 14:23:43 America/Guatemala] checking14 and 23
[28-Dec-2024 14:26:06 America/Guatemala] checking2 and 10
[28-Dec-2024 14:26:06 America/Guatemala] checking1 and 11
[28-Dec-2024 14:26:06 America/Guatemala] checking14 and 11
[28-Dec-2024 14:26:06 America/Guatemala] checking14 and 13
[28-Dec-2024 14:26:06 America/Guatemala] checking1 and 16
[28-Dec-2024 14:26:06 America/Guatemala] checking14 and 17
[28-Dec-2024 14:26:06 America/Guatemala] checking2 and 20
[28-Dec-2024 14:26:06 America/Guatemala] checking2 and 21
[28-Dec-2024 14:26:06 America/Guatemala] checking14 and 22
[28-Dec-2024 14:26:06 America/Guatemala] checking14 and 23
[28-Dec-2024 14:26:06 America/Guatemala] checking14 and 25
[28-Dec-2024 14:26:06 America/Guatemala] checking2 and 26
[28-Dec-2024 14:26:37 America/Guatemala] checking2 and 10
[28-Dec-2024 14:26:37 America/Guatemala] checking1 and 11
[28-Dec-2024 14:26:37 America/Guatemala] checking14 and 11
[28-Dec-2024 14:26:37 America/Guatemala] checking14 and 13
[28-Dec-2024 14:26:37 America/Guatemala] checking1 and 16
[28-Dec-2024 14:26:37 America/Guatemala] checking14 and 17
[28-Dec-2024 14:26:37 America/Guatemala] checking2 and 20
[28-Dec-2024 14:26:37 America/Guatemala] checking2 and 21
[28-Dec-2024 14:26:37 America/Guatemala] checking14 and 22
[28-Dec-2024 14:26:37 America/Guatemala] checking14 and 23
[28-Dec-2024 14:26:37 America/Guatemala] checking14 and 25
[28-Dec-2024 14:26:37 America/Guatemala] checking2 and 26
[28-Dec-2024 14:26:37 America/Guatemala] checking2 and 26
[28-Dec-2024 14:26:54 America/Guatemala] checking2 and 10
[28-Dec-2024 14:26:54 America/Guatemala] checking1 and 11
[28-Dec-2024 14:26:54 America/Guatemala] checking14 and 11
[28-Dec-2024 14:26:54 America/Guatemala] checking14 and 13
[28-Dec-2024 14:26:54 America/Guatemala] checking1 and 16
[28-Dec-2024 14:26:54 America/Guatemala] checking14 and 17
[28-Dec-2024 14:26:54 America/Guatemala] checking2 and 20
[28-Dec-2024 14:26:54 America/Guatemala] checking2 and 21
[28-Dec-2024 14:26:54 America/Guatemala] checking14 and 22
[28-Dec-2024 14:26:54 America/Guatemala] checking14 and 23
[28-Dec-2024 14:26:54 America/Guatemala] checking14 and 25
[28-Dec-2024 14:26:54 America/Guatemala] checking2 and 26
[28-Dec-2024 14:26:54 America/Guatemala] checking2 and 26
[28-Dec-2024 14:26:54 America/Guatemala] checking0 and 0
[28-Dec-2024 14:27:05 America/Guatemala] checking2 and 10
[28-Dec-2024 14:27:05 America/Guatemala] checking1 and 11
[28-Dec-2024 14:27:05 America/Guatemala] checking14 and 11
[28-Dec-2024 14:27:05 America/Guatemala] checking14 and 13
[28-Dec-2024 14:27:05 America/Guatemala] checking1 and 16
[28-Dec-2024 14:27:05 America/Guatemala] checking14 and 17
[28-Dec-2024 14:27:05 America/Guatemala] checking2 and 20
[28-Dec-2024 14:27:05 America/Guatemala] checking2 and 21
[28-Dec-2024 14:27:05 America/Guatemala] checking14 and 22
[28-Dec-2024 14:27:05 America/Guatemala] checking14 and 23
[28-Dec-2024 14:27:05 America/Guatemala] checking14 and 25
[28-Dec-2024 14:27:05 America/Guatemala] checking2 and 26
[28-Dec-2024 14:27:05 America/Guatemala] checking2 and 26
[28-Dec-2024 14:27:05 America/Guatemala] checking0 and 0
[28-Dec-2024 14:27:05 America/Guatemala] checking0 and 0
[28-Dec-2024 14:27:37 America/Guatemala] checking2 and 10
[28-Dec-2024 14:27:37 America/Guatemala] checking1 and 11
[28-Dec-2024 14:27:37 America/Guatemala] checking14 and 11
[28-Dec-2024 14:27:37 America/Guatemala] checking14 and 13
[28-Dec-2024 14:27:37 America/Guatemala] checking1 and 16
[28-Dec-2024 14:27:37 America/Guatemala] checking14 and 17
[28-Dec-2024 14:27:37 America/Guatemala] checking2 and 20
[28-Dec-2024 14:27:37 America/Guatemala] checking2 and 21
[28-Dec-2024 14:27:37 America/Guatemala] checking14 and 22
[28-Dec-2024 14:27:37 America/Guatemala] checking14 and 23
[28-Dec-2024 14:27:37 America/Guatemala] checking14 and 25
[28-Dec-2024 14:27:37 America/Guatemala] checking2 and 26
[28-Dec-2024 14:27:37 America/Guatemala] checking2 and 26
[28-Dec-2024 14:27:37 America/Guatemala] checking0 and 0
[28-Dec-2024 14:27:37 America/Guatemala] checking0 and 0
[28-Dec-2024 14:27:37 America/Guatemala] checking0 and 0
[28-Dec-2024 14:28:02 America/Guatemala] checking2 and 10
[28-Dec-2024 14:28:02 America/Guatemala] checking1 and 11
[28-Dec-2024 14:28:02 America/Guatemala] checking14 and 11
[28-Dec-2024 14:28:02 America/Guatemala] checking14 and 13
[28-Dec-2024 14:28:02 America/Guatemala] checking1 and 16
[28-Dec-2024 14:28:02 America/Guatemala] checking14 and 17
[28-Dec-2024 14:28:02 America/Guatemala] checking2 and 20
[28-Dec-2024 14:28:02 America/Guatemala] checking2 and 21
[28-Dec-2024 14:28:02 America/Guatemala] checking14 and 22
[28-Dec-2024 14:28:02 America/Guatemala] checking14 and 23
[28-Dec-2024 14:28:02 America/Guatemala] checking14 and 25
[28-Dec-2024 14:28:02 America/Guatemala] checking2 and 26
[28-Dec-2024 14:28:02 America/Guatemala] checking2 and 26
[28-Dec-2024 14:28:02 America/Guatemala] checking0 and 0
[28-Dec-2024 14:28:02 America/Guatemala] checking0 and 0
[28-Dec-2024 14:28:02 America/Guatemala] checking0 and 0
[28-Dec-2024 14:28:02 America/Guatemala] checking0 and 0
[28-Dec-2024 14:30:09 America/Guatemala] checking2 and 10
[28-Dec-2024 14:30:09 America/Guatemala] checking1 and 11
[28-Dec-2024 14:30:09 America/Guatemala] checking14 and 11
[28-Dec-2024 14:30:09 America/Guatemala] checking14 and 13
[28-Dec-2024 14:30:09 America/Guatemala] checking1 and 16
[28-Dec-2024 14:30:09 America/Guatemala] checking14 and 17
[28-Dec-2024 14:30:09 America/Guatemala] checking2 and 20
[28-Dec-2024 14:30:09 America/Guatemala] checking2 and 21
[28-Dec-2024 14:30:09 America/Guatemala] checking14 and 22
[28-Dec-2024 14:30:09 America/Guatemala] checking14 and 23
[28-Dec-2024 14:30:09 America/Guatemala] checking14 and 25
[28-Dec-2024 14:30:09 America/Guatemala] checking2 and 26
[28-Dec-2024 14:30:09 America/Guatemala] checking2 and 26
[28-Dec-2024 14:30:09 America/Guatemala] checking0 and 0
[28-Dec-2024 14:30:09 America/Guatemala] checking0 and 0
[28-Dec-2024 14:30:09 America/Guatemala] checking0 and 0
[28-Dec-2024 14:30:09 America/Guatemala] checking0 and 0
[28-Dec-2024 14:33:48 America/Guatemala] checking2 and 10
[28-Dec-2024 14:33:48 America/Guatemala] checking1 and 11
[28-Dec-2024 14:33:48 America/Guatemala] checking14 and 11
[28-Dec-2024 14:33:48 America/Guatemala] checking14 and 13
[28-Dec-2024 14:33:48 America/Guatemala] checking1 and 16
[28-Dec-2024 14:33:48 America/Guatemala] checking14 and 17
[28-Dec-2024 14:33:48 America/Guatemala] checking2 and 20
[28-Dec-2024 14:33:48 America/Guatemala] checking2 and 21
[28-Dec-2024 14:33:48 America/Guatemala] checking14 and 22
[28-Dec-2024 14:33:48 America/Guatemala] checking14 and 23
[28-Dec-2024 14:33:48 America/Guatemala] checking14 and 25
[28-Dec-2024 14:33:48 America/Guatemala] checking2 and 26
[28-Dec-2024 14:33:48 America/Guatemala] checking2 and 26
[28-Dec-2024 14:33:48 America/Guatemala] checking0 and 0
[28-Dec-2024 14:33:48 America/Guatemala] checking0 and 0
[28-Dec-2024 14:33:48 America/Guatemala] checking0 and 0
[28-Dec-2024 14:33:48 America/Guatemala] checking0 and 0
[28-Dec-2024 14:35:23 America/Guatemala] checking14 and 35
[30-Dec-2024 17:35:25 America/Guatemala] checking17 and 35
[30-Dec-2024 17:35:41 America/Guatemala] checking17 and 35
[30-Dec-2024 17:35:52 America/Guatemala] checking17 and 35
[30-Dec-2024 17:35:56 America/Guatemala] checking17 and 35
[30-Dec-2024 17:36:01 America/Guatemala] checking17 and 35
[30-Dec-2024 17:36:03 America/Guatemala] checking17 and 35
[30-Dec-2024 17:36:55 America/Guatemala] checking17 and 35
[30-Dec-2024 17:38:04 America/Guatemala] checking17 and 35
[30-Dec-2024 17:38:04 America/Guatemala] checking17 and 35
[30-Dec-2024 17:38:28 America/Guatemala] checking17 and 35
[30-Dec-2024 17:38:28 America/Guatemala] checking17 and 35
[30-Dec-2024 17:38:32 America/Guatemala] checking17 and 35
[30-Dec-2024 17:38:32 America/Guatemala] checking17 and 35
[30-Dec-2024 17:38:33 America/Guatemala] checking17 and 35
[30-Dec-2024 17:38:33 America/Guatemala] checking17 and 35
[30-Dec-2024 17:38:33 America/Guatemala] checking17 and 35
[30-Dec-2024 17:38:33 America/Guatemala] checking17 and 35
[30-Dec-2024 17:38:33 America/Guatemala] checking17 and 35
[30-Dec-2024 17:38:33 America/Guatemala] checking17 and 35
[30-Dec-2024 17:38:36 America/Guatemala] checking17 and 35
[30-Dec-2024 17:39:31 America/Guatemala] checking17 and 35
[30-Dec-2024 17:44:21 America/Guatemala] checking17 and 35
[30-Dec-2024 17:44:32 America/Guatemala] checking17 and 35
[30-Dec-2024 17:51:18 America/Guatemala] checking17 and 35
[30-Dec-2024 17:51:29 America/Guatemala] checking17 and 35
[30-Dec-2024 17:51:35 America/Guatemala] checking17 and 35
[30-Dec-2024 17:51:36 America/Guatemala] checking17 and 35
[30-Dec-2024 17:51:38 America/Guatemala] checking17 and 35
[30-Dec-2024 17:51:39 America/Guatemala] checking17 and 35
[30-Dec-2024 17:51:41 America/Guatemala] checking17 and 35
[30-Dec-2024 17:51:53 America/Guatemala] checking17 and 35
[30-Dec-2024 17:51:59 America/Guatemala] checking17 and 35
[30-Dec-2024 17:52:32 America/Guatemala] checking17 and 35
[30-Dec-2024 17:52:47 America/Guatemala] checking17 and 35
[30-Dec-2024 17:52:54 America/Guatemala] checking17 and 35
